0 info it worked if it ends with ok
1 verbose cli [ 'C:\\Program Files\\iojs\\node.exe',
1 verbose cli   'C:\\Program Files\\iojs\\node_modules\\npm\\bin\\npm-cli.js',
1 verbose cli   'run',
1 verbose cli   'build' ]
2 info using npm@2.7.4
3 info using node@v1.6.3
4 verbose stack Error: missing script: build
4 verbose stack     at run (C:\Program Files\iojs\node_modules\npm\lib\run-script.js:165:19)
4 verbose stack     at C:\Program Files\iojs\node_modules\npm\lib\run-script.js:81:5
4 verbose stack     at C:\Program Files\iojs\node_modules\npm\node_modules\read-package-json\read-json.js:52:40
4 verbose stack     at C:\Program Files\iojs\node_modules\npm\node_modules\read-package-json\read-json.js:376:33
4 verbose stack     at checkBinReferences_ (C:\Program Files\iojs\node_modules\npm\node_modules\read-package-json\read-json.js:341:59)
4 verbose stack     at final (C:\Program Files\iojs\node_modules\npm\node_modules\read-package-json\read-json.js:373:17)
4 verbose stack     at then (C:\Program Files\iojs\node_modules\npm\node_modules\read-package-json\read-json.js:127:33)
4 verbose stack     at C:\Program Files\iojs\node_modules\npm\node_modules\read-package-json\read-json.js:317:48
4 verbose stack     at FSReqWrap.readFileAfterOpen [as oncomplete] (evalmachine.<anonymous>:302:5)
5 verbose cwd C:\Users\Ryan\Projects\replays\replays-api
6 error Windows_NT 6.3.9600
7 error argv "C:\\Program Files\\iojs\\node.exe" "C:\\Program Files\\iojs\\node_modules\\npm\\bin\\npm-cli.js" "run" "build"
8 error node v1.6.3
9 error npm  v2.7.4
10 error missing script: build
11 error If you need help, you may report this error at:
11 error     <https://github.com/npm/npm/issues>
12 verbose exit [ 1, true ]
